Traceback (most recent call last):
  File "/home1/wwdartco/dns/passenger_wsgi.py", line 18, in <module>
    from dns.wsgi import application
ModuleNotFoundError: No module named 'dns'
Traceback (most recent call last):
  File "/home1/wwdartco/dns/passenger_wsgi.py", line 18, in <module>
    from dns.wsgi import application
ModuleNotFoundError: No module named 'dns'
[UID:1421][268041] Child process with pid: 268072 was killed by signal: 15, core dumped: no
Traceback (most recent call last):
  File "/home1/wwdartco/dns/passenger_wsgi.py", line 18, in <module>
    from dns.wsgi import application
ModuleNotFoundError: No module named 'dns'
Traceback (most recent call last):
  File "/home1/wwdartco/dns/passenger_wsgi.py", line 18, in <module>
    from dns.wsgi import application
ModuleNotFoundError: No module named 'dns'
[UID:1421][281207] Child process with pid: 281223 was killed by signal: 15, core dumped: no
Traceback (most recent call last):
  File "/home1/wwdartco/dns/passenger_wsgi.py", line 18, in <module>
    from dns.wsgi import application
ModuleNotFoundError: No module named 'dns'
Traceback (most recent call last):
  File "/home1/wwdartco/dns/passenger_wsgi.py", line 18, in <module>
    from dns.wsgi import application
ModuleNotFoundError: No module named 'dns'
[UID:1421][295613] Child process with pid: 295633 was killed by signal: 15, core dumped: no
Traceback (most recent call last):
  File "/home1/wwdartco/dns/passenger_wsgi.py", line 18, in <module>
    from dns.wsgi import application
ModuleNotFoundError: No module named 'dns'
[UID:1421][295613] Child process with pid: 295665 was killed by signal: 15, core dumped: no
Traceback (most recent call last):
  File "/home1/wwdartco/dns/passenger_wsgi.py", line 18, in <module>
    from dns.wsgi import application
ModuleNotFoundError: No module named 'dns'
[UID:1421][295613] Child process with pid: 295705 was killed by signal: 15, core dumped: no
Traceback (most recent call last):
  File "/home1/wwdartco/dns/passenger_wsgi.py", line 18, in <module>
    from dns.wsgi import application
ModuleNotFoundError: No module named 'dns'
[UID:1421][295613] Child process with pid: 295719 was killed by signal: 15, core dumped: no
Traceback (most recent call last):
  File "/home1/wwdartco/dns/passenger_wsgi.py", line 18, in <module>
    from dns.wsgi import application
ModuleNotFoundError: No module named 'dns'
Traceback (most recent call last):
  File "/home1/wwdartco/dns/passenger_wsgi.py", line 18, in <module>
    from dns.wsgi import application
ModuleNotFoundError: No module named 'dns'
[UID:1421][313725] Child process with pid: 313737 was killed by signal: 15, core dumped: no
Traceback (most recent call last):
  File "/home1/wwdartco/dns/passenger_wsgi.py", line 18, in <module>
    from dns.wsgi import application
ModuleNotFoundError: No module named 'dns'
Traceback (most recent call last):
  File "/home1/wwdartco/dns/passenger_wsgi.py", line 18, in <module>
    from dns.wsgi import application
ModuleNotFoundError: No module named 'dns'
[UID:1421][313747] Child process with pid: 313760 was killed by signal: 15, core dumped: no
